<?xml version="1.0" encoding="UTF-8"?>
<!-- Generated by org.testng.reporters.JUnitXMLReporter -->
<testsuite ignored="0" hostname="DESKTOP-QR3D4JM" failures="0" tests="3" name="Regression Test" time="50.079" errors="0" timestamp="2023-02-01T23:28:26 IST">
  <testcase classname="com.luma.testBase.TestBase" name="@BeforeMethod setUp" time="36.137">
    <failure type="java.lang.NullPointerException" message="Cannot invoke &amp;quot;java.util.Properties.getProperty(String)&amp;quot; because &amp;quot;this.pro&amp;quot; is null">
      <![CDATA[java.lang.NullPointerException: Cannot invoke "java.util.Properties.getProperty(String)" because "this.pro" is null
at com.luma.utilities.ReadConfig.getApplicationUrl(ReadConfig.java:29)
at com.luma.testBase.TestBase.setUp(TestBase.java:84)
at java.base/java.util.ArrayList.forEach(ArrayList.java:1511)
... Removed 29 stack frames]]>
    </failure>
  </testcase> <!-- @BeforeMethod setUp -->
  <testcase classname="com.luma.testBase.TestBase" name="@AfterMethod tearDown" time="-1.6752742919E9">
    <skipped/>
  </testcase> <!-- @AfterMethod tearDown -->
  <testcase classname="com.luma.testBase.TestBase" name="@BeforeMethod setUp" time="-1.675274291902E9">
    <skipped/>
  </testcase> <!-- @BeforeMethod setUp -->
  <testcase classname="com.luma.testBase.TestBase" name="@AfterMethod tearDown" time="-1.675274291909E9">
    <skipped/>
  </testcase> <!-- @AfterMethod tearDown -->
  <testcase classname="com.luma.testBase.TestBase" name="@AfterClass stop" time="-1.675274291912E9">
    <skipped/>
  </testcase> <!-- @AfterClass stop -->
  <testcase classname="com.luma.testBase.TestBase" name="@BeforeMethod setUp" time="11.91">
    <failure type="java.lang.NullPointerException" message="Cannot invoke &amp;quot;java.util.Properties.getProperty(String)&amp;quot; because &amp;quot;this.pro&amp;quot; is null">
      <![CDATA[java.lang.NullPointerException: Cannot invoke "java.util.Properties.getProperty(String)" because "this.pro" is null
at com.luma.utilities.ReadConfig.getApplicationUrl(ReadConfig.java:29)
at com.luma.testBase.TestBase.setUp(TestBase.java:84)
at java.base/java.util.ArrayList.forEach(ArrayList.java:1511)
... Removed 29 stack frames]]>
    </failure>
  </testcase> <!-- @BeforeMethod setUp -->
  <testcase classname="com.luma.testBase.TestBase" name="@AfterMethod tearDown" time="-1.675274303853E9">
    <skipped/>
  </testcase> <!-- @AfterMethod tearDown -->
  <testcase classname="com.luma.testBase.TestBase" name="@AfterClass stop" time="-1.675274303856E9">
    <skipped/>
  </testcase> <!-- @AfterClass stop -->
  <testcase classname="com.luma.testLayer.BuyFuctionality" name="verifyBuyFunctionalityWithLogin" time="0.0">
    <skipped/>
  </testcase> <!-- verifyBuyFunctionalityWithLogin -->
  <testcase classname="com.luma.testLayer.BuyFuctionality" name="verifyBuyFunctionalityWithoutLogin" time="0.0">
    <skipped/>
  </testcase> <!-- verifyBuyFunctionalityWithoutLogin -->
  <testcase classname="com.luma.testLayer.LoginPageTest" name="verifyLoginTest" time="0.0">
    <skipped/>
  </testcase> <!-- verifyLoginTest -->
</testsuite> <!-- Regression Test -->
